c:\users\appsec\desktop\appsec\srcaudit\labs\lab3 - warm up with c++\virtualfuncs\virtualfuncs\release\virtualfuncs.pch
c:\users\appsec\desktop\appsec\srcaudit\labs\lab3 - warm up with c++\virtualfuncs\virtualfuncs\release\stdafx.obj
c:\users\appsec\desktop\appsec\srcaudit\labs\lab3 - warm up with c++\virtualfuncs\virtualfuncs\release\vc100.pdb
c:\users\appsec\desktop\appsec\srcaudit\labs\lab3 - warm up with c++\virtualfuncs\virtualfuncs\release\virtualfuncs.obj
c:\users\appsec\desktop\appsec\srcaudit\labs\lab3 - warm up with c++\virtualfuncs\release\virtualfuncs.exe
c:\users\appsec\desktop\appsec\srcaudit\labs\lab3 - warm up with c++\virtualfuncs\virtualfuncs\release\virtualfuncs.exe.intermediate.manifest
c:\users\appsec\desktop\appsec\srcaudit\labs\lab3 - warm up with c++\virtualfuncs\release\virtualfuncs.pdb
c:\users\appsec\desktop\appsec\srcaudit\labs\lab3 - warm up with c++\virtualfuncs\virtualfuncs\release\vc140.pdb
c:\users\appsec\desktop\appsec\srcaudit\labs\lab3 - warm up with c++\virtualfuncs\virtualfuncs\release\cl.command.1.tlog
c:\users\appsec\desktop\appsec\srcaudit\labs\lab3 - warm up with c++\virtualfuncs\virtualfuncs\release\cl.read.1.tlog
c:\users\appsec\desktop\appsec\srcaudit\labs\lab3 - warm up with c++\virtualfuncs\virtualfuncs\release\cl.write.1.tlog
c:\users\appsec\desktop\appsec\srcaudit\labs\lab3 - warm up with c++\virtualfuncs\virtualfuncs\release\link.command.1.tlog
c:\users\appsec\desktop\appsec\srcaudit\labs\lab3 - warm up with c++\virtualfuncs\virtualfuncs\release\link.read.1.tlog
c:\users\appsec\desktop\appsec\srcaudit\labs\lab3 - warm up with c++\virtualfuncs\virtualfuncs\release\link.write.1.tlog
c:\users\appsec\desktop\appsec\srcaudit\labs\lab3 - warm up with c++\virtualfuncs\virtualfuncs\release\mt.command.1.tlog
c:\users\appsec\desktop\appsec\srcaudit\labs\lab3 - warm up with c++\virtualfuncs\virtualfuncs\release\mt.read.1.tlog
c:\users\appsec\desktop\appsec\srcaudit\labs\lab3 - warm up with c++\virtualfuncs\virtualfuncs\release\mt.write.1.tlog
c:\users\appsec\desktop\appsec\srcaudit\labs\lab3 - warm up with c++\virtualfuncs\virtualfuncs\release\vc90.idb
c:\users\appsec\desktop\appsec\srcaudit\labs\lab3 - warm up with c++\virtualfuncs\virtualfuncs\release\virtualfuncs.tlog\cl.command.1.tlog
c:\users\appsec\desktop\appsec\srcaudit\labs\lab3 - warm up with c++\virtualfuncs\virtualfuncs\release\virtualfuncs.tlog\cl.read.1.tlog
c:\users\appsec\desktop\appsec\srcaudit\labs\lab3 - warm up with c++\virtualfuncs\virtualfuncs\release\virtualfuncs.tlog\cl.write.1.tlog
c:\users\appsec\desktop\appsec\srcaudit\labs\lab3 - warm up with c++\virtualfuncs\virtualfuncs\release\virtualfuncs.tlog\link-cvtres.read.1.tlog
c:\users\appsec\desktop\appsec\srcaudit\labs\lab3 - warm up with c++\virtualfuncs\virtualfuncs\release\virtualfuncs.tlog\link-cvtres.write.1.tlog
c:\users\appsec\desktop\appsec\srcaudit\labs\lab3 - warm up with c++\virtualfuncs\virtualfuncs\release\virtualfuncs.tlog\link-rc.read.1.tlog
c:\users\appsec\desktop\appsec\srcaudit\labs\lab3 - warm up with c++\virtualfuncs\virtualfuncs\release\virtualfuncs.tlog\link-rc.write.1.tlog
c:\users\appsec\desktop\appsec\srcaudit\labs\lab3 - warm up with c++\virtualfuncs\virtualfuncs\release\virtualfuncs.tlog\link.command.1.tlog
c:\users\appsec\desktop\appsec\srcaudit\labs\lab3 - warm up with c++\virtualfuncs\virtualfuncs\release\virtualfuncs.tlog\link.read.1.tlog
c:\users\appsec\desktop\appsec\srcaudit\labs\lab3 - warm up with c++\virtualfuncs\virtualfuncs\release\virtualfuncs.tlog\link.write.1.tlog
