0 info it worked if it ends with ok
1 verbose cli [ 'C:\\ProgramData\\chocolatey\\lib\\nodejs.commandline\\tools\\node.exe',
1 verbose cli   'C:\\ProgramData\\chocolatey\\lib\\npm\\tools\\node_modules\\npm\\bin\\npm-cli.js',
1 verbose cli   'start' ]
2 info using npm@1.4.9
3 info using node@v6.11.0
4 verbose run-script [ 'prestart', 'start', 'poststart' ]
5 info prestart library@1.0.0
6 info start library@1.0.0
7 verbose unsafe-perm in lifecycle true
8 info library@1.0.0 Failed to exec start script
9 error library@1.0.0 start: `node app.js`
9 error Exit status 1
10 error Failed at the library@1.0.0 start script.
10 error This is most likely a problem with the library package,
10 error not with npm itself.
10 error Tell the author that this fails on your system:
10 error     node app.js
10 error You can get their info via:
10 error     npm owner ls library
10 error There is likely additional logging output above.
11 error System Windows_NT 6.1.7601
12 error command "C:\\ProgramData\\chocolatey\\lib\\nodejs.commandline\\tools\\node.exe" "C:\\ProgramData\\chocolatey\\lib\\npm\\tools\\node_modules\\npm\\bin\\npm-cli.js" "start"
13 error cwd C:\Users\void\Desktop\Pluralsight-materials\Paths\Node.js\05.Building Web Applications with Node.js and Express 4.0\8-m8\codeEnd\library
14 error node -v v6.11.0
15 error npm -v 1.4.9
16 error code ELIFECYCLE
17 verbose exit [ 1, true ]
